<?xml version="1.0" encoding="UTF-8"?>
<!-- Generated by org.testng.reporters.JUnitXMLReporter -->
<testsuite ignored="1" hostname="DESKTOP-P1ON6IV" failures="0" tests="2" name="Test" time="7.448" errors="0" timestamp="2025-07-12T22:48:41 IST">
  <testcase classname="OpenHRMTestClasses.LoginTestClass" name="loginWithValidUserNameAndValidPassword" time="4.075"/>
  <testcase classname="OpenHRMTestClasses.HomeTestClass" name="logout" time="3.299"/>
  <testcase classname="OpenHRMTestClasses.BaseTestClass" name="@BeforeSuite initDriver" time="0.0">
    <ignored/>
  </testcase> <!-- @BeforeSuite initDriver -->
</testsuite> <!-- Test -->
