<?xml version="1.0" encoding="UTF-8"?>
<testng-results ignored="0" total="2" passed="2" failed="0" skipped="0">
  <reporter-output>
  </reporter-output>
  <suite started-at="2025-07-12T22:48:32 IST" name="Suite" finished-at="2025-07-12T22:48:39 IST" duration-ms="7448">
    <groups>
    </groups>
    <test started-at="2025-07-12T22:48:32 IST" name="Test" finished-at="2025-07-12T22:48:39 IST" duration-ms="7448">
      <class name="OpenHRMTestClasses.HomeTestClass">
        <test-method signature="logout()[pri:2, instance:OpenHRMTestClasses.HomeTestClass@a514af7]" started-at="2025-07-12T22:48:36 IST" name="logout" finished-at="2025-07-12T22:48:39 IST" duration-ms="3299" status="PASS">
          <reporter-output>
          </reporter-output>
        </test-method> <!-- logout -->
      </class> <!-- OpenHRMTestClasses.HomeTestClass -->
      <class name="OpenHRMTestClasses.LoginTestClass">
        <test-method is-config="true" signature="initDriver()[pri:0, instance:OpenHRMTestClasses.LoginTestClass@6356695f]" started-at="2025-07-12T22:48:16 IST" name="initDriver" finished-at="2025-07-12T22:48:32 IST" duration-ms="16267" status="PASS">
          <reporter-output>
          </reporter-output>
        </test-method> <!-- initDriver -->
        <test-method signature="loginWithValidUserNameAndValidPassword()[pri:1, instance:OpenHRMTestClasses.LoginTestClass@6356695f]" started-at="2025-07-12T22:48:32 IST" name="loginWithValidUserNameAndValidPassword" finished-at="2025-07-12T22:48:36 IST" duration-ms="4075" status="PASS">
          <reporter-output>
          </reporter-output>
        </test-method> <!-- loginWithValidUserNameAndValidPassword -->
      </class> <!-- OpenHRMTestClasses.LoginTestClass -->
    </test> <!-- Test -->
  </suite> <!-- Suite -->
</testng-results>
